
4월 27, 2023 12:47:59.38 NEW SESSION
4월 27, 2023 12:47:59.38 INFO: Created TensorFlow Lite XNNPACK delegate for CPU.
4월 27, 2023 12:49:35.131 INFO: Created TensorFlow Lite XNNPACK delegate for CPU.
4월 27, 2023 13:02:02.472 INFO: Created TensorFlow Lite XNNPACK delegate for CPU.
4월 27, 2023 14:30:44.551 INFO: Created TensorFlow Lite XNNPACK delegate for CPU.
4월 27, 2023 14:40:47.452 INFO: Created TensorFlow Lite XNNPACK delegate for CPU.
4월 27, 2023 14:41:18.368 INFO: Created TensorFlow Lite XNNPACK delegate for CPU.

4월 28, 2023 10:10:56.663 NEW SESSION
4월 28, 2023 10:10:56.663 INFO: Created TensorFlow Lite XNNPACK delegate for CPU.
4월 28, 2023 10:11:01.968 INFO: Created TensorFlow Lite XNNPACK delegate for CPU.
4월 28, 2023 10:45:08.86 INFO: Created TensorFlow Lite XNNPACK delegate for CPU.
4월 28, 2023 10:45:51.323 INFO: Created TensorFlow Lite XNNPACK delegate for CPU.
4월 28, 2023 10:59:37.872 INFO: Created TensorFlow Lite XNNPACK delegate for CPU.
4월 28, 2023 11:02:35.188 INFO: Created TensorFlow Lite XNNPACK delegate for CPU.
4월 28, 2023 11:21:49.493 INFO: Created TensorFlow Lite XNNPACK delegate for CPU.
4월 28, 2023 11:22:07.545 INFO: Created TensorFlow Lite XNNPACK delegate for CPU.
4월 28, 2023 11:23:13.449 INFO: Created TensorFlow Lite XNNPACK delegate for CPU.
4월 28, 2023 11:27:12.109 INFO: Created TensorFlow Lite XNNPACK delegate for CPU.
4월 28, 2023 11:34:09.300 INFO: Created TensorFlow Lite XNNPACK delegate for CPU.
4월 28, 2023 11:34:23.715 INFO: Created TensorFlow Lite XNNPACK delegate for CPU.
4월 28, 2023 11:34:50.520 INFO: Created TensorFlow Lite XNNPACK delegate for CPU.
4월 28, 2023 11:35:15.532 INFO: Created TensorFlow Lite XNNPACK delegate for CPU.
4월 28, 2023 11:35:20.303 INFO: Created TensorFlow Lite XNNPACK delegate for CPU.
4월 28, 2023 11:35:40.223 INFO: Created TensorFlow Lite XNNPACK delegate for CPU.
4월 28, 2023 11:36:12.603 INFO: Created TensorFlow Lite XNNPACK delegate for CPU.
4월 28, 2023 11:37:26.875 INFO: Created TensorFlow Lite XNNPACK delegate for CPU.
4월 28, 2023 11:41:47.647 INFO: Created TensorFlow Lite XNNPACK delegate for CPU.
4월 28, 2023 11:52:43.823 INFO: Created TensorFlow Lite XNNPACK delegate for CPU.
4월 28, 2023 11:58:19.390 INFO: Created TensorFlow Lite XNNPACK delegate for CPU.
4월 28, 2023 11:58:28.965 INFO: Created TensorFlow Lite XNNPACK delegate for CPU.
4월 28, 2023 11:59:57.488 INFO: Created TensorFlow Lite XNNPACK delegate for CPU.
4월 28, 2023 12:09:49.477 INFO: Created TensorFlow Lite XNNPACK delegate for CPU.
4월 28, 2023 12:38:45.429 INFO: Created TensorFlow Lite XNNPACK delegate for CPU.
4월 28, 2023 12:49:03.193 INFO: Created TensorFlow Lite XNNPACK delegate for CPU.
4월 28, 2023 12:49:12.68 INFO: Created TensorFlow Lite XNNPACK delegate for CPU.
4월 28, 2023 12:55:41.291 INFO: Created TensorFlow Lite XNNPACK delegate for CPU.
4월 28, 2023 13:11:38.400 INFO: Created TensorFlow Lite XNNPACK delegate for CPU.
4월 28, 2023 14:51:14.95 INFO: Created TensorFlow Lite XNNPACK delegate for CPU.
4월 28, 2023 14:53:04.294 INFO: Created TensorFlow Lite XNNPACK delegate for CPU.
4월 28, 2023 15:05:01.732 INFO: Created TensorFlow Lite XNNPACK delegate for CPU.
4월 28, 2023 15:06:42.543 INFO: Created TensorFlow Lite XNNPACK delegate for CPU.
4월 28, 2023 15:19:56.58 [1508:6600:0428/151956.057:ERROR:interface_endpoint_client.cc(695)] Message 0 rejected by interface blink.mojom.WidgetHost

5월 01, 2023 09:24:06.94 NEW SESSION
5월 01, 2023 09:24:06.94 INFO: Created TensorFlow Lite XNNPACK delegate for CPU.

5월 01, 2023 10:16:46.393 NEW SESSION
5월 01, 2023 10:16:46.394 INFO: Created TensorFlow Lite XNNPACK delegate for CPU.
5월 01, 2023 10:44:03.70 INFO: Created TensorFlow Lite XNNPACK delegate for CPU.
5월 01, 2023 11:03:37.948 INFO: Created TensorFlow Lite XNNPACK delegate for CPU.
5월 01, 2023 11:19:54.302 INFO: Created TensorFlow Lite XNNPACK delegate for CPU.
5월 01, 2023 11:59:04.594 INFO: Created TensorFlow Lite XNNPACK delegate for CPU.
5월 01, 2023 11:59:25.468 INFO: Created TensorFlow Lite XNNPACK delegate for CPU.
5월 01, 2023 12:07:06.206 INFO: Created TensorFlow Lite XNNPACK delegate for CPU.
5월 01, 2023 12:20:24.395 INFO: Created TensorFlow Lite XNNPACK delegate for CPU.
5월 01, 2023 12:49:23.268 INFO: Created TensorFlow Lite XNNPACK delegate for CPU.
5월 01, 2023 12:50:01.238 INFO: Created TensorFlow Lite XNNPACK delegate for CPU.
5월 01, 2023 12:52:08.592 INFO: Created TensorFlow Lite XNNPACK delegate for CPU.
5월 01, 2023 12:57:09.477 INFO: Created TensorFlow Lite XNNPACK delegate for CPU.
5월 01, 2023 13:02:41.30 INFO: Created TensorFlow Lite XNNPACK delegate for CPU.
5월 01, 2023 15:09:40.736 INFO: Created TensorFlow Lite XNNPACK delegate for CPU.
5월 01, 2023 15:23:58.68 INFO: Created TensorFlow Lite XNNPACK delegate for CPU.

5월 02, 2023 12:00:47.552 NEW SESSION
5월 02, 2023 12:00:47.552 INFO: Created TensorFlow Lite XNNPACK delegate for CPU.
5월 02, 2023 12:00:55.429 INFO: Created TensorFlow Lite XNNPACK delegate for CPU.
5월 02, 2023 12:01:27.734 INFO: Created TensorFlow Lite XNNPACK delegate for CPU.
5월 02, 2023 12:15:14.324 INFO: Created TensorFlow Lite XNNPACK delegate for CPU.
5월 02, 2023 12:15:32.880 INFO: Created TensorFlow Lite XNNPACK delegate for CPU.
5월 02, 2023 14:39:46.149 INFO: Created TensorFlow Lite XNNPACK delegate for CPU.
5월 02, 2023 14:40:46.267 INFO: Created TensorFlow Lite XNNPACK delegate for CPU.
5월 02, 2023 14:41:29.955 INFO: Created TensorFlow Lite XNNPACK delegate for CPU.
5월 02, 2023 14:41:57.282 INFO: Created TensorFlow Lite XNNPACK delegate for CPU.
5월 02, 2023 14:42:31.827 INFO: Created TensorFlow Lite XNNPACK delegate for CPU.

5월 02, 2023 14:43:39.678 NEW SESSION
5월 02, 2023 14:43:39.679 INFO: Created TensorFlow Lite XNNPACK delegate for CPU.
5월 02, 2023 14:45:03.536 INFO: Created TensorFlow Lite XNNPACK delegate for CPU.
5월 02, 2023 14:45:46.685 INFO: Created TensorFlow Lite XNNPACK delegate for CPU.
5월 02, 2023 14:46:53.505 INFO: Created TensorFlow Lite XNNPACK delegate for CPU.
5월 02, 2023 14:47:12.417 INFO: Created TensorFlow Lite XNNPACK delegate for CPU.
5월 02, 2023 14:47:44.61 INFO: Created TensorFlow Lite XNNPACK delegate for CPU.
5월 02, 2023 14:48:47.61 INFO: Created TensorFlow Lite XNNPACK delegate for CPU.

5월 03, 2023 10:04:04.354 NEW SESSION
5월 03, 2023 10:04:04.354 INFO: Created TensorFlow Lite XNNPACK delegate for CPU.
5월 03, 2023 10:20:48.589 INFO: Created TensorFlow Lite XNNPACK delegate for CPU.
5월 03, 2023 10:45:53.777 INFO: Created TensorFlow Lite XNNPACK delegate for CPU.
5월 03, 2023 11:19:13.514 INFO: Created TensorFlow Lite XNNPACK delegate for CPU.
5월 03, 2023 11:50:03.130 INFO: Created TensorFlow Lite XNNPACK delegate for CPU.
5월 03, 2023 11:52:17.31 [libprotobuf ERROR ..\..\third_party\protobuf\src\google\protobuf\message_lite.cc:133] Can't parse message of type "safe_browsing.ClientDownloadRequest" because it is missing required fields: (cannot determine missing fields for lite message)
5월 03, 2023 12:18:06.564 INFO: Created TensorFlow Lite XNNPACK delegate for CPU.
5월 03, 2023 12:22:19.141 INFO: Created TensorFlow Lite XNNPACK delegate for CPU.
5월 03, 2023 12:24:40.234 [11788:9700:0503/122440.234:ERROR:interface_endpoint_client.cc(695)] Message 1 rejected by interface blink.mojom.WidgetHost
5월 03, 2023 16:11:01.925 INFO: Created TensorFlow Lite XNNPACK delegate for CPU.
5월 03, 2023 16:11:58.933 INFO: Created TensorFlow Lite XNNPACK delegate for CPU.
5월 03, 2023 16:13:54.708 INFO: Created TensorFlow Lite XNNPACK delegate for CPU.
5월 03, 2023 16:14:44.641 INFO: Created TensorFlow Lite XNNPACK delegate for CPU.

5월 04, 2023 15:36:28.780 NEW SESSION
5월 04, 2023 15:36:28.780 INFO: Created TensorFlow Lite XNNPACK delegate for CPU.
5월 04, 2023 15:37:35.586 INFO: Created TensorFlow Lite XNNPACK delegate for CPU.
5월 04, 2023 16:25:34.538 INFO: Created TensorFlow Lite XNNPACK delegate for CPU.
5월 04, 2023 17:14:15.243 INFO: Created TensorFlow Lite XNNPACK delegate for CPU.
5월 04, 2023 17:14:53.338 INFO: Created TensorFlow Lite XNNPACK delegate for CPU.
5월 04, 2023 17:30:04.235 [7772:10668:0504/173004.234:ERROR:device_event_log_impl.cc(222)] [17:30:04.235] USB: usb_service_win.cc:104 SetupDiGetDeviceProperty({{A45C254E-DF1C-4EFD-8020-67D146A850E0}, 6}) failed: 요소가 없습니다. (0x490)
5월 04, 2023 17:43:34.962 INFO: Created TensorFlow Lite XNNPACK delegate for CPU.

5월 08, 2023 10:10:45.761 NEW SESSION
5월 08, 2023 10:10:45.761 INFO: Created TensorFlow Lite XNNPACK delegate for CPU.
5월 08, 2023 10:14:15.485 INFO: Created TensorFlow Lite XNNPACK delegate for CPU.
5월 08, 2023 10:14:45.795 INFO: Created TensorFlow Lite XNNPACK delegate for CPU.
5월 08, 2023 10:53:42.349 INFO: Created TensorFlow Lite XNNPACK delegate for CPU.
5월 08, 2023 11:00:27.617 [libprotobuf ERROR ..\..\third_party\protobuf\src\google\protobuf\message_lite.cc:133] Can't parse message of type "safe_browsing.ClientDownloadRequest" because it is missing required fields: (cannot determine missing fields for lite message)
5월 08, 2023 11:25:12.753 [libprotobuf ERROR ..\..\third_party\protobuf\src\google\protobuf\message_lite.cc:133] Can't parse message of type "safe_browsing.ClientDownloadRequest" because it is missing required fields: (cannot determine missing fields for lite message)
5월 08, 2023 11:25:23.905 [libprotobuf ERROR ..\..\third_party\protobuf\src\google\protobuf\message_lite.cc:133] Can't parse message of type "safe_browsing.ClientDownloadRequest" because it is missing required fields: (cannot determine missing fields for lite message)

5월 08, 2023 11:32:17.506 NEW SESSION
5월 08, 2023 11:32:17.506 INFO: Created TensorFlow Lite XNNPACK delegate for CPU.
5월 08, 2023 14:27:00.440 INFO: Created TensorFlow Lite XNNPACK delegate for CPU.
5월 08, 2023 14:27:31.346 INFO: Created TensorFlow Lite XNNPACK delegate for CPU.
5월 08, 2023 14:31:34.662 INFO: Created TensorFlow Lite XNNPACK delegate for CPU.
5월 08, 2023 17:55:25.757 INFO: Created TensorFlow Lite XNNPACK delegate for CPU.
5월 08, 2023 18:10:13.135 INFO: Created TensorFlow Lite XNNPACK delegate for CPU.
5월 08, 2023 18:15:28.47 INFO: Created TensorFlow Lite XNNPACK delegate for CPU.

5월 09, 2023 10:43:46.709 NEW SESSION
5월 09, 2023 10:43:46.709 INFO: Created TensorFlow Lite XNNPACK delegate for CPU.
5월 09, 2023 11:49:27.40 INFO: Created TensorFlow Lite XNNPACK delegate for CPU.
5월 09, 2023 11:50:15.86 [3440:2120:0509/115015.086:ERROR:interface_endpoint_client.cc(695)] Message 6 rejected by interface blink.mojom.WidgetHost
5월 09, 2023 11:50:15.87 [3440:2120:0509/115015.086:ERROR:interface_endpoint_client.cc(695)] Message 7 rejected by interface blink.mojom.WidgetHost
5월 09, 2023 14:40:27.187 INFO: Created TensorFlow Lite XNNPACK delegate for CPU.
5월 09, 2023 14:43:22.710 INFO: Created TensorFlow Lite XNNPACK delegate for CPU.
